<?xml version="1.0" encoding="UTF-8"?>
<!-- Generated by org.testng.reporters.JUnitReportReporter -->
<testsuite hostname="dorotheas-air.localdomain" name="seleniumTest.safariTest.SafariTest" tests="1" failures="0" timestamp="2 May 2014 13:42:56 GMT" time="2.502" errors="0">
  <testcase name="openTaskUebersicht" time="2.502" classname="seleniumTest.safariTest.SafariTest"/>
</testsuite> <!-- seleniumTest.safariTest.SafariTest -->
