<?xml version="1.0" encoding="UTF-8"?>
<!-- Generated by org.testng.reporters.JUnitReportReporter -->
<testsuite hostname="msp07" name="de.sep.innovativeoperation.taskscheduler.test.selenium.firefoxTest.Firefox_overviewIT" tests="2" failures="0" timestamp="16 May 2014 15:21:17 GMT" time="7.606" errors="0">
  <testcase name="openTaskUebersicht" time="3.743" classname="de.sep.innovativeoperation.taskscheduler.test.selenium.firefoxTest.Firefox_overviewIT"/>
  <testcase name="filter" time="3.863" classname="de.sep.innovativeoperation.taskscheduler.test.selenium.firefoxTest.Firefox_overviewIT"/>
</testsuite> <!-- de.sep.innovativeoperation.taskscheduler.test.selenium.firefoxTest.Firefox_overviewIT -->
